{"/home/arta/project/vsCode/farawin/chatApp/app.js": {"path":"/home/arta/project/vsCode/farawin/chatApp/app.js","statementMap":{"0":{"start":{"line":1,"column":16},"end":{"line":1,"column":34}},"1":{"start":{"line":2,"column":20},"end":{"line":2,"column":45}},"2":{"start":{"line":3,"column":24},"end":{"line":3,"column":53}},"3":{"start":{"line":4,"column":15},"end":{"line":4,"column":32}},"4":{"start":{"line":5,"column":20},"end":{"line":5,"column":49}},"5":{"start":{"line":6,"column":13},"end":{"line":6,"column":28}},"6":{"start":{"line":7,"column":0},"end":{"line":7,"column":27}},"7":{"start":{"line":9,"column":12},"end":{"line":9,"column":21}},"8":{"start":{"line":11,"column":0},"end":{"line":11,"column":18}},"9":{"start":{"line":13,"column":16},"end":{"line":17,"column":2}},"10":{"start":{"line":20,"column":0},"end":{"line":20,"column":16}},"11":{"start":{"line":21,"column":0},"end":{"line":21,"column":17}},"12":{"start":{"line":22,"column":0},"end":{"line":24,"column":3}},"13":{"start":{"line":23,"column":2},"end":{"line":23,"column":39}},"14":{"start":{"line":26,"column":0},"end":{"line":26,"column":18}}},"fnMap":{"0":{"name":"(anonymous_0)","decl":{"start":{"line":22,"column":8},"end":{"line":22,"column":9}},"loc":{"start":{"line":22,"column":37},"end":{"line":24,"column":1}},"line":22}},"branchMap":{},"s":{"0":1,"1":1,"2":1,"3":1,"4":1,"5":1,"6":1,"7":1,"8":1,"9":1,"10":1,"11":1,"12":1,"13":0,"14":1},"f":{"0":0},"b":{},"_coverageSchema":"1a1c01bbd47fc00a2c39e90264f33305004495a9","hash":"552455ec5ca11d8ddbb28b0e844a1a7e154e8ded"}
,"/home/arta/project/vsCode/farawin/chatApp/database.js": {"path":"/home/arta/project/vsCode/farawin/chatApp/database.js","statementMap":{"0":{"start":{"line":1,"column":14},"end":{"line":1,"column":30}},"1":{"start":{"line":3,"column":19},"end":{"line":8,"column":2}},"2":{"start":{"line":10,"column":0},"end":{"line":10,"column":28}}},"fnMap":{},"branchMap":{},"s":{"0":1,"1":1,"2":1},"f":{},"b":{},"_coverageSchema":"1a1c01bbd47fc00a2c39e90264f33305004495a9","hash":"9a18dce5a4a12688f3a4ee99079f164cbfbf78fa"}
,"/home/arta/project/vsCode/farawin/chatApp/router/index.js": {"path":"/home/arta/project/vsCode/farawin/chatApp/router/index.js","statementMap":{"0":{"start":{"line":1,"column":16},"end":{"line":1,"column":34}},"1":{"start":{"line":3,"column":12},"end":{"line":3,"column":21}},"2":{"start":{"line":5,"column":13},"end":{"line":5,"column":37}},"3":{"start":{"line":7,"column":0},"end":{"line":7,"column":45}},"4":{"start":{"line":8,"column":0},"end":{"line":8,"column":30}},"5":{"start":{"line":10,"column":0},"end":{"line":12,"column":3}},"6":{"start":{"line":11,"column":2},"end":{"line":11,"column":22}},"7":{"start":{"line":14,"column":0},"end":{"line":16,"column":3}},"8":{"start":{"line":15,"column":2},"end":{"line":15,"column":25}},"9":{"start":{"line":18,"column":0},"end":{"line":20,"column":3}},"10":{"start":{"line":19,"column":2},"end":{"line":19,"column":26}},"11":{"start":{"line":22,"column":0},"end":{"line":24,"column":3}},"12":{"start":{"line":23,"column":2},"end":{"line":23,"column":51}}},"fnMap":{"0":{"name":"(anonymous_0)","decl":{"start":{"line":10,"column":13},"end":{"line":10,"column":14}},"loc":{"start":{"line":10,"column":27},"end":{"line":12,"column":1}},"line":10},"1":{"name":"(anonymous_1)","decl":{"start":{"line":14,"column":19},"end":{"line":14,"column":20}},"loc":{"start":{"line":14,"column":33},"end":{"line":16,"column":1}},"line":14},"2":{"name":"(anonymous_2)","decl":{"start":{"line":18,"column":23},"end":{"line":18,"column":24}},"loc":{"start":{"line":18,"column":37},"end":{"line":20,"column":1}},"line":18},"3":{"name":"(anonymous_3)","decl":{"start":{"line":22,"column":17},"end":{"line":22,"column":18}},"loc":{"start":{"line":22,"column":23},"end":{"line":24,"column":1}},"line":22}},"branchMap":{"0":{"loc":{"start":{"line":5,"column":13},"end":{"line":5,"column":37}},"type":"binary-expr","locations":[{"start":{"line":5,"column":13},"end":{"line":5,"column":29}},{"start":{"line":5,"column":33},"end":{"line":5,"column":37}}],"line":5}},"s":{"0":1,"1":1,"2":1,"3":1,"4":1,"5":1,"6":0,"7":1,"8":0,"9":1,"10":0,"11":1,"12":0},"f":{"0":0,"1":0,"2":0,"3":0},"b":{"0":[1,1]},"_coverageSchema":"1a1c01bbd47fc00a2c39e90264f33305004495a9","hash":"1e9712b6c377d58176c847022d96552b4a8c8281"}
,"/home/arta/project/vsCode/farawin/chatApp/server/addContacts.js": {"path":"/home/arta/project/vsCode/farawin/chatApp/server/addContacts.js","statementMap":{"0":{"start":{"line":1,"column":12},"end":{"line":1,"column":35}},"1":{"start":{"line":2,"column":17},"end":{"line":2,"column":39}},"2":{"start":{"line":3,"column":0},"end":{"line":3,"column":27}},"3":{"start":{"line":6,"column":27},"end":{"line":6,"column":49}},"4":{"start":{"line":8,"column":0},"end":{"line":45,"column":1}},"5":{"start":{"line":9,"column":4},"end":{"line":44,"column":7}},"6":{"start":{"line":10,"column":8},"end":{"line":10,"column":27}},"7":{"start":{"line":10,"column":17},"end":{"line":10,"column":27}},"8":{"start":{"line":12,"column":21},"end":{"line":12,"column":35}},"9":{"start":{"line":13,"column":19},"end":{"line":13,"column":31}},"10":{"start":{"line":14,"column":19},"end":{"line":14,"column":28}},"11":{"start":{"line":15,"column":21},"end":{"line":15,"column":32}},"12":{"start":{"line":17,"column":8},"end":{"line":20,"column":11}},"13":{"start":{"line":18,"column":12},"end":{"line":18,"column":31}},"14":{"start":{"line":18,"column":21},"end":{"line":18,"column":31}},"15":{"start":{"line":19,"column":12},"end":{"line":19,"column":45}},"16":{"start":{"line":22,"column":8},"end":{"line":43,"column":11}},"17":{"start":{"line":23,"column":8},"end":{"line":30,"column":9}},"18":{"start":{"line":24,"column":12},"end":{"line":24,"column":29}},"19":{"start":{"line":25,"column":12},"end":{"line":28,"column":17}},"20":{"start":{"line":29,"column":13},"end":{"line":29,"column":20}},"21":{"start":{"line":32,"column":23},"end":{"line":37,"column":10}},"22":{"start":{"line":33,"column":13},"end":{"line":36,"column":14}},"23":{"start":{"line":39,"column":8},"end":{"line":42,"column":17}}},"fnMap":{"0":{"name":"addContactCase","decl":{"start":{"line":8,"column":26},"end":{"line":8,"column":40}},"loc":{"start":{"line":8,"column":51},"end":{"line":45,"column":1}},"line":8},"1":{"name":"(anonymous_1)","decl":{"start":{"line":9,"column":47},"end":{"line":9,"column":48}},"loc":{"start":{"line":9,"column":65},"end":{"line":44,"column":5}},"line":9},"2":{"name":"(anonymous_2)","decl":{"start":{"line":17,"column":152},"end":{"line":17,"column":153}},"loc":{"start":{"line":17,"column":169},"end":{"line":20,"column":9}},"line":17},"3":{"name":"(anonymous_3)","decl":{"start":{"line":22,"column":132},"end":{"line":22,"column":133}},"loc":{"start":{"line":22,"column":150},"end":{"line":43,"column":9}},"line":22},"4":{"name":"(anonymous_4)","decl":{"start":{"line":32,"column":35},"end":{"line":32,"column":36}},"loc":{"start":{"line":32,"column":52},"end":{"line":37,"column":9}},"line":32}},"branchMap":{"0":{"loc":{"start":{"line":10,"column":8},"end":{"line":10,"column":27}},"type":"if","locations":[{"start":{"line":10,"column":8},"end":{"line":10,"column":27}},{"start":{},"end":{}}],"line":10},"1":{"loc":{"start":{"line":18,"column":12},"end":{"line":18,"column":31}},"type":"if","locations":[{"start":{"line":18,"column":12},"end":{"line":18,"column":31}},{"start":{},"end":{}}],"line":18},"2":{"loc":{"start":{"line":23,"column":8},"end":{"line":30,"column":9}},"type":"if","locations":[{"start":{"line":23,"column":8},"end":{"line":30,"column":9}},{"start":{},"end":{}}],"line":23}},"s":{"0":1,"1":1,"2":1,"3":1,"4":1,"5":0,"6":0,"7":0,"8":0,"9":0,"10":0,"11":0,"12":0,"13":0,"14":0,"15":0,"16":0,"17":0,"18":0,"19":0,"20":0,"21":0,"22":0,"23":0},"f":{"0":0,"1":0,"2":0,"3":0,"4":0},"b":{"0":[0,0],"1":[0,0],"2":[0,0]},"_coverageSchema":"1a1c01bbd47fc00a2c39e90264f33305004495a9","hash":"836997a90abe2c5c28231f82f4473c86412025cb"}
,"/home/arta/project/vsCode/farawin/chatApp/server/getContacts.js": {"path":"/home/arta/project/vsCode/farawin/chatApp/server/getContacts.js","statementMap":{"0":{"start":{"line":1,"column":12},"end":{"line":1,"column":35}},"1":{"start":{"line":2,"column":17},"end":{"line":2,"column":39}},"2":{"start":{"line":3,"column":0},"end":{"line":3,"column":27}},"3":{"start":{"line":5,"column":27},"end":{"line":5,"column":49}},"4":{"start":{"line":7,"column":0},"end":{"line":37,"column":1}},"5":{"start":{"line":8,"column":2},"end":{"line":36,"column":5}},"6":{"start":{"line":9,"column":4},"end":{"line":9,"column":23}},"7":{"start":{"line":9,"column":13},"end":{"line":9,"column":23}},"8":{"start":{"line":11,"column":17},"end":{"line":11,"column":31}},"9":{"start":{"line":12,"column":15},"end":{"line":12,"column":27}},"10":{"start":{"line":14,"column":4},"end":{"line":35,"column":7}},"11":{"start":{"line":15,"column":6},"end":{"line":22,"column":7}},"12":{"start":{"line":16,"column":8},"end":{"line":16,"column":25}},"13":{"start":{"line":17,"column":8},"end":{"line":20,"column":12}},"14":{"start":{"line":21,"column":8},"end":{"line":21,"column":15}},"15":{"start":{"line":24,"column":21},"end":{"line":29,"column":8}},"16":{"start":{"line":25,"column":8},"end":{"line":28,"column":9}},"17":{"start":{"line":31,"column":6},"end":{"line":34,"column":10}}},"fnMap":{"0":{"name":"getContactsCase","decl":{"start":{"line":7,"column":26},"end":{"line":7,"column":41}},"loc":{"start":{"line":7,"column":52},"end":{"line":37,"column":1}},"line":7},"1":{"name":"(anonymous_1)","decl":{"start":{"line":8,"column":45},"end":{"line":8,"column":46}},"loc":{"start":{"line":8,"column":63},"end":{"line":36,"column":3}},"line":8},"2":{"name":"(anonymous_2)","decl":{"start":{"line":14,"column":123},"end":{"line":14,"column":124}},"loc":{"start":{"line":14,"column":141},"end":{"line":35,"column":5}},"line":14},"3":{"name":"(anonymous_3)","decl":{"start":{"line":24,"column":33},"end":{"line":24,"column":34}},"loc":{"start":{"line":24,"column":50},"end":{"line":29,"column":7}},"line":24}},"branchMap":{"0":{"loc":{"start":{"line":9,"column":4},"end":{"line":9,"column":23}},"type":"if","locations":[{"start":{"line":9,"column":4},"end":{"line":9,"column":23}},{"start":{},"end":{}}],"line":9},"1":{"loc":{"start":{"line":15,"column":6},"end":{"line":22,"column":7}},"type":"if","locations":[{"start":{"line":15,"column":6},"end":{"line":22,"column":7}},{"start":{},"end":{}}],"line":15}},"s":{"0":1,"1":1,"2":1,"3":1,"4":1,"5":0,"6":0,"7":0,"8":0,"9":0,"10":0,"11":0,"12":0,"13":0,"14":0,"15":0,"16":0,"17":0},"f":{"0":0,"1":0,"2":0,"3":0},"b":{"0":[0,0],"1":[0,0]},"_coverageSchema":"1a1c01bbd47fc00a2c39e90264f33305004495a9","hash":"172e8fe08710170cab9523eed51cb7bbdab430c8"}
,"/home/arta/project/vsCode/farawin/chatApp/server/getMessages.js": {"path":"/home/arta/project/vsCode/farawin/chatApp/server/getMessages.js","statementMap":{"0":{"start":{"line":1,"column":12},"end":{"line":1,"column":35}},"1":{"start":{"line":2,"column":17},"end":{"line":2,"column":39}},"2":{"start":{"line":3,"column":0},"end":{"line":3,"column":27}},"3":{"start":{"line":5,"column":27},"end":{"line":5,"column":49}},"4":{"start":{"line":7,"column":0},"end":{"line":32,"column":1}},"5":{"start":{"line":8,"column":4},"end":{"line":31,"column":5}},"6":{"start":{"line":9,"column":8},"end":{"line":9,"column":27}},"7":{"start":{"line":9,"column":17},"end":{"line":9,"column":27}},"8":{"start":{"line":11,"column":21},"end":{"line":11,"column":35}},"9":{"start":{"line":12,"column":19},"end":{"line":12,"column":31}},"10":{"start":{"line":13,"column":28},"end":{"line":13,"column":46}},"11":{"start":{"line":15,"column":8},"end":{"line":30,"column":11}},"12":{"start":{"line":16,"column":10},"end":{"line":16,"column":29}},"13":{"start":{"line":16,"column":19},"end":{"line":16,"column":29}},"14":{"start":{"line":18,"column":25},"end":{"line":24,"column":12}},"15":{"start":{"line":19,"column":12},"end":{"line":23,"column":13}},"16":{"start":{"line":26,"column":10},"end":{"line":29,"column":14}}},"fnMap":{"0":{"name":"getMessagesCase","decl":{"start":{"line":7,"column":26},"end":{"line":7,"column":41}},"loc":{"start":{"line":7,"column":52},"end":{"line":32,"column":1}},"line":7},"1":{"name":"(anonymous_1)","decl":{"start":{"line":8,"column":47},"end":{"line":8,"column":48}},"loc":{"start":{"line":8,"column":65},"end":{"line":31,"column":3}},"line":8},"2":{"name":"(anonymous_2)","decl":{"start":{"line":15,"column":256},"end":{"line":15,"column":257}},"loc":{"start":{"line":15,"column":274},"end":{"line":30,"column":9}},"line":15},"3":{"name":"(anonymous_3)","decl":{"start":{"line":18,"column":37},"end":{"line":18,"column":38}},"loc":{"start":{"line":18,"column":54},"end":{"line":24,"column":11}},"line":18}},"branchMap":{"0":{"loc":{"start":{"line":9,"column":8},"end":{"line":9,"column":27}},"type":"if","locations":[{"start":{"line":9,"column":8},"end":{"line":9,"column":27}},{"start":{},"end":{}}],"line":9},"1":{"loc":{"start":{"line":16,"column":10},"end":{"line":16,"column":29}},"type":"if","locations":[{"start":{"line":16,"column":10},"end":{"line":16,"column":29}},{"start":{},"end":{}}],"line":16}},"s":{"0":1,"1":1,"2":1,"3":1,"4":1,"5":0,"6":0,"7":0,"8":0,"9":0,"10":0,"11":0,"12":0,"13":0,"14":0,"15":0,"16":0},"f":{"0":0,"1":0,"2":0,"3":0},"b":{"0":[0,0],"1":[0,0]},"_coverageSchema":"1a1c01bbd47fc00a2c39e90264f33305004495a9","hash":"506d8e241c2f3aa7ff3f27794bca5811c429b674"}
,"/home/arta/project/vsCode/farawin/chatApp/server/jwtVerify.js": {"path":"/home/arta/project/vsCode/farawin/chatApp/server/jwtVerify.js","statementMap":{"0":{"start":{"line":1,"column":12},"end":{"line":1,"column":35}},"1":{"start":{"line":2,"column":0},"end":{"line":2,"column":27}},"2":{"start":{"line":4,"column":27},"end":{"line":4,"column":49}},"3":{"start":{"line":6,"column":0},"end":{"line":34,"column":1}},"4":{"start":{"line":8,"column":4},"end":{"line":19,"column":5}},"5":{"start":{"line":9,"column":6},"end":{"line":9,"column":58}},"6":{"start":{"line":11,"column":6},"end":{"line":11,"column":23}},"7":{"start":{"line":13,"column":17},"end":{"line":16,"column":7}},"8":{"start":{"line":17,"column":6},"end":{"line":17,"column":36}},"9":{"start":{"line":18,"column":6},"end":{"line":18,"column":13}},"10":{"start":{"line":21,"column":4},"end":{"line":33,"column":5}},"11":{"start":{"line":22,"column":17},"end":{"line":25,"column":7}},"12":{"start":{"line":26,"column":6},"end":{"line":26,"column":36}},"13":{"start":{"line":28,"column":17},"end":{"line":31,"column":7}},"14":{"start":{"line":32,"column":6},"end":{"line":32,"column":36}}},"fnMap":{"0":{"name":"jwtVerifyCase","decl":{"start":{"line":6,"column":26},"end":{"line":6,"column":39}},"loc":{"start":{"line":6,"column":50},"end":{"line":34,"column":1}},"line":6}},"branchMap":{"0":{"loc":{"start":{"line":21,"column":4},"end":{"line":33,"column":5}},"type":"if","locations":[{"start":{"line":21,"column":4},"end":{"line":33,"column":5}},{"start":{"line":27,"column":11},"end":{"line":33,"column":5}}],"line":21}},"s":{"0":1,"1":1,"2":1,"3":1,"4":0,"5":0,"6":0,"7":0,"8":0,"9":0,"10":0,"11":0,"12":0,"13":0,"14":0},"f":{"0":0},"b":{"0":[0,0]},"_coverageSchema":"1a1c01bbd47fc00a2c39e90264f33305004495a9","hash":"368ff44dd2348b5bc0705aa179bf038b1b87358e"}
,"/home/arta/project/vsCode/farawin/chatApp/server/login.js": {"path":"/home/arta/project/vsCode/farawin/chatApp/server/login.js","statementMap":{"0":{"start":{"line":1,"column":12},"end":{"line":1,"column":35}},"1":{"start":{"line":2,"column":17},"end":{"line":2,"column":39}},"2":{"start":{"line":3,"column":15},"end":{"line":3,"column":32}},"3":{"start":{"line":4,"column":0},"end":{"line":4,"column":27}},"4":{"start":{"line":6,"column":27},"end":{"line":6,"column":49}},"5":{"start":{"line":8,"column":0},"end":{"line":59,"column":1}},"6":{"start":{"line":10,"column":17},"end":{"line":10,"column":28}},"7":{"start":{"line":11,"column":19},"end":{"line":11,"column":32}},"8":{"start":{"line":13,"column":4},"end":{"line":58,"column":5}},"9":{"start":{"line":14,"column":8},"end":{"line":49,"column":11}},"10":{"start":{"line":15,"column":12},"end":{"line":15,"column":30}},"11":{"start":{"line":15,"column":20},"end":{"line":15,"column":30}},"12":{"start":{"line":17,"column":12},"end":{"line":47,"column":13}},"13":{"start":{"line":19,"column":30},"end":{"line":19,"column":81}},"14":{"start":{"line":21,"column":16},"end":{"line":40,"column":17}},"15":{"start":{"line":22,"column":32},"end":{"line":27,"column":22}},"16":{"start":{"line":29,"column":31},"end":{"line":32,"column":21}},"17":{"start":{"line":33,"column":20},"end":{"line":33,"column":50}},"18":{"start":{"line":35,"column":31},"end":{"line":38,"column":21}},"19":{"start":{"line":39,"column":20},"end":{"line":39,"column":50}},"20":{"start":{"line":42,"column":27},"end":{"line":45,"column":17}},"21":{"start":{"line":46,"column":16},"end":{"line":46,"column":46}},"22":{"start":{"line":51,"column":8},"end":{"line":51,"column":25}},"23":{"start":{"line":52,"column":19},"end":{"line":56,"column":9}},"24":{"start":{"line":57,"column":8},"end":{"line":57,"column":38}}},"fnMap":{"0":{"name":"loginCase","decl":{"start":{"line":8,"column":32},"end":{"line":8,"column":41}},"loc":{"start":{"line":8,"column":52},"end":{"line":59,"column":1}},"line":8},"1":{"name":"(anonymous_1)","decl":{"start":{"line":14,"column":70},"end":{"line":14,"column":71}},"loc":{"start":{"line":14,"column":94},"end":{"line":49,"column":9}},"line":14}},"branchMap":{"0":{"loc":{"start":{"line":15,"column":12},"end":{"line":15,"column":30}},"type":"if","locations":[{"start":{"line":15,"column":12},"end":{"line":15,"column":30}},{"start":{},"end":{}}],"line":15},"1":{"loc":{"start":{"line":17,"column":12},"end":{"line":47,"column":13}},"type":"if","locations":[{"start":{"line":17,"column":12},"end":{"line":47,"column":13}},{"start":{"line":41,"column":19},"end":{"line":47,"column":13}}],"line":17},"2":{"loc":{"start":{"line":17,"column":16},"end":{"line":17,"column":43}},"type":"binary-expr","locations":[{"start":{"line":17,"column":16},"end":{"line":17,"column":23}},{"start":{"line":17,"column":27},"end":{"line":17,"column":43}}],"line":17},"3":{"loc":{"start":{"line":21,"column":16},"end":{"line":40,"column":17}},"type":"if","locations":[{"start":{"line":21,"column":16},"end":{"line":40,"column":17}},{"start":{"line":34,"column":23},"end":{"line":40,"column":17}}],"line":21}},"s":{"0":1,"1":1,"2":1,"3":1,"4":1,"5":1,"6":0,"7":0,"8":0,"9":0,"10":0,"11":0,"12":0,"13":0,"14":0,"15":0,"16":0,"17":0,"18":0,"19":0,"20":0,"21":0,"22":0,"23":0,"24":0},"f":{"0":0,"1":0},"b":{"0":[0,0],"1":[0,0],"2":[0,0],"3":[0,0]},"_coverageSchema":"1a1c01bbd47fc00a2c39e90264f33305004495a9","hash":"7caa545381ff9526cd7c6e29554502347401b388"}
,"/home/arta/project/vsCode/farawin/chatApp/server/register.js": {"path":"/home/arta/project/vsCode/farawin/chatApp/server/register.js","statementMap":{"0":{"start":{"line":1,"column":15},"end":{"line":1,"column":32}},"1":{"start":{"line":2,"column":17},"end":{"line":2,"column":39}},"2":{"start":{"line":3,"column":13},"end":{"line":3,"column":28}},"3":{"start":{"line":4,"column":0},"end":{"line":4,"column":27}},"4":{"start":{"line":6,"column":20},"end":{"line":6,"column":22}},"5":{"start":{"line":8,"column":0},"end":{"line":39,"column":1}},"6":{"start":{"line":10,"column":20},"end":{"line":10,"column":29}},"7":{"start":{"line":12,"column":17},"end":{"line":12,"column":28}},"8":{"start":{"line":13,"column":19},"end":{"line":13,"column":32}},"9":{"start":{"line":15,"column":4},"end":{"line":38,"column":5}},"10":{"start":{"line":16,"column":8},"end":{"line":35,"column":11}},"11":{"start":{"line":17,"column":12},"end":{"line":17,"column":30}},"12":{"start":{"line":17,"column":20},"end":{"line":17,"column":30}},"13":{"start":{"line":19,"column":12},"end":{"line":34,"column":13}},"14":{"start":{"line":20,"column":27},"end":{"line":23,"column":17}},"15":{"start":{"line":24,"column":16},"end":{"line":24,"column":46}},"16":{"start":{"line":26,"column":37},"end":{"line":26,"column":77}},"17":{"start":{"line":27,"column":16},"end":{"line":27,"column":131}},"18":{"start":{"line":29,"column":27},"end":{"line":32,"column":17}},"19":{"start":{"line":33,"column":16},"end":{"line":33,"column":46}},"20":{"start":{"line":37,"column":8},"end":{"line":37,"column":25}}},"fnMap":{"0":{"name":"registerCase","decl":{"start":{"line":8,"column":32},"end":{"line":8,"column":44}},"loc":{"start":{"line":8,"column":55},"end":{"line":39,"column":1}},"line":8},"1":{"name":"(anonymous_1)","decl":{"start":{"line":16,"column":70},"end":{"line":16,"column":71}},"loc":{"start":{"line":16,"column":94},"end":{"line":35,"column":9}},"line":16}},"branchMap":{"0":{"loc":{"start":{"line":17,"column":12},"end":{"line":17,"column":30}},"type":"if","locations":[{"start":{"line":17,"column":12},"end":{"line":17,"column":30}},{"start":{},"end":{}}],"line":17},"1":{"loc":{"start":{"line":19,"column":12},"end":{"line":34,"column":13}},"type":"if","locations":[{"start":{"line":19,"column":12},"end":{"line":34,"column":13}},{"start":{"line":25,"column":19},"end":{"line":34,"column":13}}],"line":19}},"s":{"0":1,"1":1,"2":1,"3":1,"4":1,"5":1,"6":0,"7":0,"8":0,"9":0,"10":0,"11":0,"12":0,"13":0,"14":0,"15":0,"16":0,"17":0,"18":0,"19":0,"20":0},"f":{"0":0,"1":0},"b":{"0":[0,0],"1":[0,0]},"_coverageSchema":"1a1c01bbd47fc00a2c39e90264f33305004495a9","hash":"3f158fcd78830a7aefab5b64e48eefb3ad5fc0c5"}
,"/home/arta/project/vsCode/farawin/chatApp/server/removeContact.js": {"path":"/home/arta/project/vsCode/farawin/chatApp/server/removeContact.js","statementMap":{"0":{"start":{"line":1,"column":12},"end":{"line":1,"column":35}},"1":{"start":{"line":2,"column":17},"end":{"line":2,"column":39}},"2":{"start":{"line":5,"column":27},"end":{"line":5,"column":49}},"3":{"start":{"line":7,"column":0},"end":{"line":45,"column":1}},"4":{"start":{"line":8,"column":4},"end":{"line":44,"column":7}},"5":{"start":{"line":9,"column":8},"end":{"line":9,"column":27}},"6":{"start":{"line":9,"column":17},"end":{"line":9,"column":27}},"7":{"start":{"line":11,"column":21},"end":{"line":11,"column":35}},"8":{"start":{"line":12,"column":28},"end":{"line":12,"column":46}},"9":{"start":{"line":14,"column":8},"end":{"line":43,"column":10}},"10":{"start":{"line":16,"column":12},"end":{"line":16,"column":31}},"11":{"start":{"line":16,"column":21},"end":{"line":16,"column":31}},"12":{"start":{"line":18,"column":12},"end":{"line":41,"column":13}},"13":{"start":{"line":19,"column":14},"end":{"line":40,"column":17}},"14":{"start":{"line":20,"column":16},"end":{"line":27,"column":17}},"15":{"start":{"line":21,"column":18},"end":{"line":21,"column":35}},"16":{"start":{"line":22,"column":18},"end":{"line":25,"column":22}},"17":{"start":{"line":26,"column":18},"end":{"line":26,"column":25}},"18":{"start":{"line":29,"column":31},"end":{"line":34,"column":18}},"19":{"start":{"line":30,"column":18},"end":{"line":33,"column":19}},"20":{"start":{"line":36,"column":16},"end":{"line":39,"column":20}}},"fnMap":{"0":{"name":"removeContactCase","decl":{"start":{"line":7,"column":26},"end":{"line":7,"column":43}},"loc":{"start":{"line":7,"column":54},"end":{"line":45,"column":1}},"line":7},"1":{"name":"(anonymous_1)","decl":{"start":{"line":8,"column":47},"end":{"line":8,"column":48}},"loc":{"start":{"line":8,"column":65},"end":{"line":44,"column":5}},"line":8},"2":{"name":"(anonymous_2)","decl":{"start":{"line":15,"column":32},"end":{"line":15,"column":33}},"loc":{"start":{"line":15,"column":49},"end":{"line":42,"column":11}},"line":15},"3":{"name":"(anonymous_3)","decl":{"start":{"line":19,"column":112},"end":{"line":19,"column":113}},"loc":{"start":{"line":19,"column":130},"end":{"line":40,"column":15}},"line":19},"4":{"name":"(anonymous_4)","decl":{"start":{"line":29,"column":43},"end":{"line":29,"column":44}},"loc":{"start":{"line":29,"column":60},"end":{"line":34,"column":17}},"line":29}},"branchMap":{"0":{"loc":{"start":{"line":9,"column":8},"end":{"line":9,"column":27}},"type":"if","locations":[{"start":{"line":9,"column":8},"end":{"line":9,"column":27}},{"start":{},"end":{}}],"line":9},"1":{"loc":{"start":{"line":16,"column":12},"end":{"line":16,"column":31}},"type":"if","locations":[{"start":{"line":16,"column":12},"end":{"line":16,"column":31}},{"start":{},"end":{}}],"line":16},"2":{"loc":{"start":{"line":18,"column":12},"end":{"line":41,"column":13}},"type":"if","locations":[{"start":{"line":18,"column":12},"end":{"line":41,"column":13}},{"start":{},"end":{}}],"line":18},"3":{"loc":{"start":{"line":20,"column":16},"end":{"line":27,"column":17}},"type":"if","locations":[{"start":{"line":20,"column":16},"end":{"line":27,"column":17}},{"start":{},"end":{}}],"line":20}},"s":{"0":1,"1":1,"2":1,"3":1,"4":0,"5":0,"6":0,"7":0,"8":0,"9":0,"10":0,"11":0,"12":0,"13":0,"14":0,"15":0,"16":0,"17":0,"18":0,"19":0,"20":0},"f":{"0":0,"1":0,"2":0,"3":0,"4":0},"b":{"0":[0,0],"1":[0,0],"2":[0,0],"3":[0,0]},"_coverageSchema":"1a1c01bbd47fc00a2c39e90264f33305004495a9","hash":"9219e0dc790ac37cc045a59849c61021f33cfdcd"}
,"/home/arta/project/vsCode/farawin/chatApp/server/send.js": {"path":"/home/arta/project/vsCode/farawin/chatApp/server/send.js","statementMap":{"0":{"start":{"line":1,"column":12},"end":{"line":1,"column":35}},"1":{"start":{"line":2,"column":17},"end":{"line":2,"column":39}},"2":{"start":{"line":3,"column":0},"end":{"line":3,"column":27}},"3":{"start":{"line":5,"column":27},"end":{"line":5,"column":49}},"4":{"start":{"line":7,"column":0},"end":{"line":53,"column":1}},"5":{"start":{"line":8,"column":4},"end":{"line":52,"column":7}},"6":{"start":{"line":9,"column":8},"end":{"line":12,"column":9}},"7":{"start":{"line":10,"column":10},"end":{"line":10,"column":35}},"8":{"start":{"line":11,"column":10},"end":{"line":11,"column":17}},"9":{"start":{"line":14,"column":21},"end":{"line":14,"column":35}},"10":{"start":{"line":15,"column":19},"end":{"line":15,"column":31}},"11":{"start":{"line":16,"column":22},"end":{"line":16,"column":34}},"12":{"start":{"line":18,"column":8},"end":{"line":51,"column":11}},"13":{"start":{"line":19,"column":10},"end":{"line":19,"column":29}},"14":{"start":{"line":19,"column":19},"end":{"line":19,"column":29}},"15":{"start":{"line":21,"column":25},"end":{"line":23,"column":12}},"16":{"start":{"line":22,"column":12},"end":{"line":22,"column":41}},"17":{"start":{"line":25,"column":10},"end":{"line":50,"column":13}},"18":{"start":{"line":26,"column":12},"end":{"line":30,"column":15}},"19":{"start":{"line":27,"column":14},"end":{"line":28,"column":26}},"20":{"start":{"line":28,"column":16},"end":{"line":28,"column":26}},"21":{"start":{"line":29,"column":14},"end":{"line":29,"column":35}},"22":{"start":{"line":32,"column":12},"end":{"line":48,"column":15}},"23":{"start":{"line":34,"column":14},"end":{"line":34,"column":33}},"24":{"start":{"line":34,"column":23},"end":{"line":34,"column":33}},"25":{"start":{"line":36,"column":29},"end":{"line":42,"column":16}},"26":{"start":{"line":37,"column":16},"end":{"line":41,"column":17}},"27":{"start":{"line":44,"column":14},"end":{"line":47,"column":18}}},"fnMap":{"0":{"name":"sendCase","decl":{"start":{"line":7,"column":26},"end":{"line":7,"column":34}},"loc":{"start":{"line":7,"column":45},"end":{"line":53,"column":1}},"line":7},"1":{"name":"(anonymous_1)","decl":{"start":{"line":8,"column":47},"end":{"line":8,"column":48}},"loc":{"start":{"line":8,"column":65},"end":{"line":52,"column":5}},"line":8},"2":{"name":"(anonymous_2)","decl":{"start":{"line":18,"column":93},"end":{"line":18,"column":94}},"loc":{"start":{"line":18,"column":111},"end":{"line":51,"column":9}},"line":18},"3":{"name":"(anonymous_3)","decl":{"start":{"line":21,"column":37},"end":{"line":21,"column":38}},"loc":{"start":{"line":21,"column":54},"end":{"line":23,"column":11}},"line":21},"4":{"name":"(anonymous_4)","decl":{"start":{"line":25,"column":27},"end":{"line":25,"column":28}},"loc":{"start":{"line":25,"column":45},"end":{"line":50,"column":11}},"line":25},"5":{"name":"(anonymous_5)","decl":{"start":{"line":26,"column":174},"end":{"line":26,"column":175}},"loc":{"start":{"line":26,"column":191},"end":{"line":30,"column":13}},"line":26},"6":{"name":"(anonymous_6)","decl":{"start":{"line":32,"column":255},"end":{"line":32,"column":256}},"loc":{"start":{"line":32,"column":273},"end":{"line":48,"column":13}},"line":32},"7":{"name":"(anonymous_7)","decl":{"start":{"line":36,"column":41},"end":{"line":36,"column":42}},"loc":{"start":{"line":36,"column":58},"end":{"line":42,"column":15}},"line":36}},"branchMap":{"0":{"loc":{"start":{"line":9,"column":8},"end":{"line":12,"column":9}},"type":"if","locations":[{"start":{"line":9,"column":8},"end":{"line":12,"column":9}},{"start":{},"end":{}}],"line":9},"1":{"loc":{"start":{"line":19,"column":10},"end":{"line":19,"column":29}},"type":"if","locations":[{"start":{"line":19,"column":10},"end":{"line":19,"column":29}},{"start":{},"end":{}}],"line":19},"2":{"loc":{"start":{"line":27,"column":14},"end":{"line":28,"column":26}},"type":"if","locations":[{"start":{"line":27,"column":14},"end":{"line":28,"column":26}},{"start":{},"end":{}}],"line":27},"3":{"loc":{"start":{"line":34,"column":14},"end":{"line":34,"column":33}},"type":"if","locations":[{"start":{"line":34,"column":14},"end":{"line":34,"column":33}},{"start":{},"end":{}}],"line":34}},"s":{"0":1,"1":1,"2":1,"3":1,"4":1,"5":0,"6":0,"7":0,"8":0,"9":0,"10":0,"11":0,"12":0,"13":0,"14":0,"15":0,"16":0,"17":0,"18":0,"19":0,"20":0,"21":0,"22":0,"23":0,"24":0,"25":0,"26":0,"27":0},"f":{"0":0,"1":0,"2":0,"3":0,"4":0,"5":0,"6":0,"7":0},"b":{"0":[0,0],"1":[0,0],"2":[0,0],"3":[0,0]},"_coverageSchema":"1a1c01bbd47fc00a2c39e90264f33305004495a9","hash":"8e6b2486b3111c06121bc8a6cca6b929f9bc2bec"}
,"/home/arta/project/vsCode/farawin/chatApp/server/updateContactName.js": {"path":"/home/arta/project/vsCode/farawin/chatApp/server/updateContactName.js","statementMap":{"0":{"start":{"line":1,"column":12},"end":{"line":1,"column":35}},"1":{"start":{"line":2,"column":17},"end":{"line":2,"column":39}},"2":{"start":{"line":3,"column":0},"end":{"line":3,"column":27}},"3":{"start":{"line":5,"column":27},"end":{"line":5,"column":49}},"4":{"start":{"line":7,"column":0},"end":{"line":46,"column":1}},"5":{"start":{"line":8,"column":4},"end":{"line":45,"column":7}},"6":{"start":{"line":9,"column":6},"end":{"line":9,"column":25}},"7":{"start":{"line":9,"column":15},"end":{"line":9,"column":25}},"8":{"start":{"line":11,"column":23},"end":{"line":11,"column":37}},"9":{"start":{"line":12,"column":30},"end":{"line":12,"column":48}},"10":{"start":{"line":13,"column":24},"end":{"line":13,"column":36}},"11":{"start":{"line":15,"column":8},"end":{"line":44,"column":10}},"12":{"start":{"line":16,"column":12},"end":{"line":16,"column":31}},"13":{"start":{"line":16,"column":21},"end":{"line":16,"column":31}},"14":{"start":{"line":18,"column":12},"end":{"line":42,"column":13}},"15":{"start":{"line":19,"column":14},"end":{"line":41,"column":17}},"16":{"start":{"line":20,"column":16},"end":{"line":20,"column":37}},"17":{"start":{"line":21,"column":16},"end":{"line":28,"column":17}},"18":{"start":{"line":22,"column":18},"end":{"line":22,"column":35}},"19":{"start":{"line":23,"column":18},"end":{"line":26,"column":22}},"20":{"start":{"line":27,"column":18},"end":{"line":27,"column":25}},"21":{"start":{"line":30,"column":31},"end":{"line":35,"column":18}},"22":{"start":{"line":31,"column":18},"end":{"line":34,"column":19}},"23":{"start":{"line":37,"column":16},"end":{"line":40,"column":20}}},"fnMap":{"0":{"name":"updateContactNameCase","decl":{"start":{"line":7,"column":26},"end":{"line":7,"column":47}},"loc":{"start":{"line":7,"column":58},"end":{"line":46,"column":1}},"line":7},"1":{"name":"(anonymous_1)","decl":{"start":{"line":8,"column":47},"end":{"line":8,"column":48}},"loc":{"start":{"line":8,"column":65},"end":{"line":45,"column":5}},"line":8},"2":{"name":"(anonymous_2)","decl":{"start":{"line":15,"column":136},"end":{"line":15,"column":137}},"loc":{"start":{"line":15,"column":153},"end":{"line":43,"column":11}},"line":15},"3":{"name":"(anonymous_3)","decl":{"start":{"line":19,"column":112},"end":{"line":19,"column":113}},"loc":{"start":{"line":19,"column":130},"end":{"line":41,"column":15}},"line":19},"4":{"name":"(anonymous_4)","decl":{"start":{"line":30,"column":43},"end":{"line":30,"column":44}},"loc":{"start":{"line":30,"column":60},"end":{"line":35,"column":17}},"line":30}},"branchMap":{"0":{"loc":{"start":{"line":9,"column":6},"end":{"line":9,"column":25}},"type":"if","locations":[{"start":{"line":9,"column":6},"end":{"line":9,"column":25}},{"start":{},"end":{}}],"line":9},"1":{"loc":{"start":{"line":16,"column":12},"end":{"line":16,"column":31}},"type":"if","locations":[{"start":{"line":16,"column":12},"end":{"line":16,"column":31}},{"start":{},"end":{}}],"line":16},"2":{"loc":{"start":{"line":18,"column":12},"end":{"line":42,"column":13}},"type":"if","locations":[{"start":{"line":18,"column":12},"end":{"line":42,"column":13}},{"start":{},"end":{}}],"line":18},"3":{"loc":{"start":{"line":21,"column":16},"end":{"line":28,"column":17}},"type":"if","locations":[{"start":{"line":21,"column":16},"end":{"line":28,"column":17}},{"start":{},"end":{}}],"line":21}},"s":{"0":1,"1":1,"2":1,"3":1,"4":1,"5":0,"6":0,"7":0,"8":0,"9":0,"10":0,"11":0,"12":0,"13":0,"14":0,"15":0,"16":0,"17":0,"18":0,"19":0,"20":0,"21":0,"22":0,"23":0},"f":{"0":0,"1":0,"2":0,"3":0,"4":0},"b":{"0":[0,0],"1":[0,0],"2":[0,0],"3":[0,0]},"_coverageSchema":"1a1c01bbd47fc00a2c39e90264f33305004495a9","hash":"89f06c631b224309e0e8cab8fd917995f407cf5f"}
,"/home/arta/project/vsCode/farawin/chatApp/server/webSocket.js": {"path":"/home/arta/project/vsCode/farawin/chatApp/server/webSocket.js","statementMap":{"0":{"start":{"line":1,"column":18},"end":{"line":1,"column":31}},"1":{"start":{"line":2,"column":18},"end":{"line":2,"column":36}},"2":{"start":{"line":3,"column":21},"end":{"line":3,"column":42}},"3":{"start":{"line":4,"column":23},"end":{"line":4,"column":47}},"4":{"start":{"line":5,"column":24},"end":{"line":5,"column":48}},"5":{"start":{"line":6,"column":24},"end":{"line":6,"column":48}},"6":{"start":{"line":7,"column":17},"end":{"line":7,"column":34}},"7":{"start":{"line":8,"column":30},"end":{"line":8,"column":60}},"8":{"start":{"line":9,"column":26},"end":{"line":9,"column":52}},"9":{"start":{"line":10,"column":22},"end":{"line":10,"column":44}},"10":{"start":{"line":11,"column":13},"end":{"line":11,"column":28}},"11":{"start":{"line":13,"column":0},"end":{"line":81,"column":1}},"12":{"start":{"line":15,"column":14},"end":{"line":15,"column":81}},"13":{"start":{"line":18,"column":19},"end":{"line":18,"column":42}},"14":{"start":{"line":19,"column":24},"end":{"line":21,"column":5}},"15":{"start":{"line":22,"column":32},"end":{"line":30,"column":5}},"16":{"start":{"line":24,"column":6},"end":{"line":28,"column":7}},"17":{"start":{"line":25,"column":8},"end":{"line":25,"column":39}},"18":{"start":{"line":27,"column":8},"end":{"line":27,"column":40}},"19":{"start":{"line":29,"column":6},"end":{"line":29,"column":34}},"20":{"start":{"line":31,"column":4},"end":{"line":31,"column":30}},"21":{"start":{"line":34,"column":2},"end":{"line":76,"column":5}},"22":{"start":{"line":35,"column":4},"end":{"line":75,"column":7}},"23":{"start":{"line":36,"column":17},"end":{"line":36,"column":32}},"24":{"start":{"line":38,"column":6},"end":{"line":74,"column":7}},"25":{"start":{"line":40,"column":10},"end":{"line":40,"column":30}},"26":{"start":{"line":41,"column":10},"end":{"line":41,"column":16}},"27":{"start":{"line":44,"column":10},"end":{"line":44,"column":33}},"28":{"start":{"line":45,"column":10},"end":{"line":45,"column":16}},"29":{"start":{"line":48,"column":10},"end":{"line":48,"column":35}},"30":{"start":{"line":49,"column":10},"end":{"line":49,"column":16}},"31":{"start":{"line":52,"column":10},"end":{"line":52,"column":36}},"32":{"start":{"line":53,"column":10},"end":{"line":53,"column":16}},"33":{"start":{"line":56,"column":10},"end":{"line":56,"column":36}},"34":{"start":{"line":57,"column":10},"end":{"line":57,"column":16}},"35":{"start":{"line":60,"column":10},"end":{"line":60,"column":29}},"36":{"start":{"line":61,"column":10},"end":{"line":61,"column":16}},"37":{"start":{"line":64,"column":10},"end":{"line":64,"column":42}},"38":{"start":{"line":65,"column":10},"end":{"line":65,"column":16}},"39":{"start":{"line":68,"column":10},"end":{"line":68,"column":38}},"40":{"start":{"line":69,"column":10},"end":{"line":69,"column":16}},"41":{"start":{"line":72,"column":10},"end":{"line":72,"column":34}},"42":{"start":{"line":73,"column":10},"end":{"line":73,"column":16}},"43":{"start":{"line":78,"column":2},"end":{"line":80,"column":5}},"44":{"start":{"line":79,"column":4},"end":{"line":79,"column":23}}},"fnMap":{"0":{"name":"startWebsocketServer","decl":{"start":{"line":13,"column":26},"end":{"line":13,"column":46}},"loc":{"start":{"line":13,"column":50},"end":{"line":81,"column":1}},"line":13},"1":{"name":"verifyWebsocket","decl":{"start":{"line":17,"column":11},"end":{"line":17,"column":26}},"loc":{"start":{"line":17,"column":39},"end":{"line":32,"column":3}},"line":17},"2":{"name":"(anonymous_2)","decl":{"start":{"line":22,"column":32},"end":{"line":22,"column":33}},"loc":{"start":{"line":22,"column":55},"end":{"line":30,"column":5}},"line":22},"3":{"name":"(anonymous_3)","decl":{"start":{"line":34,"column":23},"end":{"line":34,"column":24}},"loc":{"start":{"line":34,"column":31},"end":{"line":76,"column":3}},"line":34},"4":{"name":"(anonymous_4)","decl":{"start":{"line":35,"column":21},"end":{"line":35,"column":22}},"loc":{"start":{"line":35,"column":30},"end":{"line":75,"column":5}},"line":35},"5":{"name":"(anonymous_5)","decl":{"start":{"line":78,"column":18},"end":{"line":78,"column":19}},"loc":{"start":{"line":78,"column":25},"end":{"line":80,"column":3}},"line":78}},"branchMap":{"0":{"loc":{"start":{"line":24,"column":6},"end":{"line":28,"column":7}},"type":"if","locations":[{"start":{"line":24,"column":6},"end":{"line":28,"column":7}},{"start":{"line":26,"column":13},"end":{"line":28,"column":7}}],"line":24},"1":{"loc":{"start":{"line":38,"column":6},"end":{"line":74,"column":7}},"type":"switch","locations":[{"start":{"line":39,"column":8},"end":{"line":41,"column":16}},{"start":{"line":43,"column":8},"end":{"line":45,"column":16}},{"start":{"line":47,"column":8},"end":{"line":49,"column":16}},{"start":{"line":51,"column":8},"end":{"line":53,"column":16}},{"start":{"line":55,"column":8},"end":{"line":57,"column":16}},{"start":{"line":59,"column":8},"end":{"line":61,"column":16}},{"start":{"line":63,"column":8},"end":{"line":65,"column":16}},{"start":{"line":67,"column":8},"end":{"line":69,"column":16}},{"start":{"line":71,"column":8},"end":{"line":73,"column":16}}],"line":38}},"s":{"0":1,"1":1,"2":1,"3":1,"4":1,"5":1,"6":1,"7":1,"8":1,"9":1,"10":1,"11":1,"12":1,"13":0,"14":0,"15":0,"16":0,"17":0,"18":0,"19":0,"20":0,"21":1,"22":0,"23":0,"24":0,"25":0,"26":0,"27":0,"28":0,"29":0,"30":0,"31":0,"32":0,"33":0,"34":0,"35":0,"36":0,"37":0,"38":0,"39":0,"40":0,"41":0,"42":0,"43":1,"44":0},"f":{"0":1,"1":0,"2":0,"3":0,"4":0,"5":0},"b":{"0":[0,0],"1":[0,0,0,0,0,0,0,0,0]},"_coverageSchema":"1a1c01bbd47fc00a2c39e90264f33305004495a9","hash":"f29313fd81b0c3d9efc8d8681ca1ebdf77d3e671"}
}
